[2024-12-27 14:41:41] local.ERROR: Undefined variable $path {"exception":"[object] (ErrorException(code: 0): Undefined variable $path at D:\\ITS\\Matkul\\Semester5\\PBKK\\Tugas 5\\TUGAS5\\app\\Http\\Controllers\\CategoryController.php:92)
[stacktrace]
#0 D:\\ITS\\Matkul\\Semester5\\PBKK\\Tugas 5\\TUGAS5\\vendor\\laravel\\framework\\src\\Illuminate\\Foundation\\Bootstrap\\HandleExceptions.php(290): Illuminate\\Foundation\\Bootstrap\\HandleExceptions->handleError()
#1 D:\\ITS\\Matkul\\Semester5\\PBKK\\Tugas 5\\TUGAS5\\app\\Http\\Controllers\\CategoryController.php(92): Illuminate\\Foundation\\Bootstrap\\HandleExceptions->Illuminate\\Foundation\\Bootstrap\\{closure}()
#2 D:\\ITS\\Matkul\\Semester5\\PBKK\\Tugas 5\\TUGAS5\\vendor\\laravel\\framework\\src\\Illuminate\\Routing\\ControllerDispatcher.php(47): App\\Http\\Controllers\\CategoryController->update()
#3 D:\\ITS\\Matkul\\Semester5\\PBKK\\Tugas 5\\TUGAS5\\vendor\\laravel\\framework\\src\\Illuminate\\Routing\\Route.php(266): Illuminate\\Routing\\ControllerDispatcher->dispatch()
#4 D:\\ITS\\Matkul\\Semester5\\PBKK\\Tugas 5\\TUGAS5\\vendor\\laravel\\framework\\src\\Illuminate\\Routing\\Route.php(212): Illuminate\\Routing\\Route->runController()
#5 D:\\ITS\\Matkul\\Semester5\\PBKK\\Tugas 5\\TUGAS5\\vendor\\laravel\\framework\\src\\Illuminate\\Routing\\Router.php(808): Illuminate\\Routing\\Route->run()
#6 D:\\ITS\\Matkul\\Semester5\\PBKK\\Tugas 5\\TUGAS5\\vendor\\laravel\\framework\\src\\Illuminate\\Pipeline\\Pipeline.php(144): Illuminate\\Routing\\Router->Illuminate\\Routing\\{closure}()
#7 D:\\ITS\\Matkul\\Semester5\\PBKK\\Tugas 5\\TUGAS5\\vendor\\laravel\\framework\\src\\Illuminate\\Routing\\Middleware\\SubstituteBindings.php(51): Illuminate\\Pipeline\\Pipeline->Illuminate\\Pipeline\\{closure}()
#8 D:\\ITS\\Matkul\\Semester5\\PBKK\\Tugas 5\\TUGAS5\\vendor\\laravel\\framework\\src\\Illuminate\\Pipeline\\Pipeline.php(183): Illuminate\\Routing\\Middleware\\SubstituteBindings->handle()
#9 D:\\ITS\\Matkul\\Semester5\\PBKK\\Tugas 5\\TUGAS5\\vendor\\laravel\\framework\\src\\Illuminate\\Foundation\\Http\\Middleware\\VerifyCsrfToken.php(88): Illuminate\\Pipeline\\Pipeline->Illuminate\\Pipeline\\{closure}()
#10 D:\\ITS\\Matkul\\Semester5\\PBKK\\Tugas 5\\TUGAS5\\vendor\\laravel\\framework\\src\\Illuminate\\Pipeline\\Pipeline.php(183): Illuminate\\Foundation\\Http\\Middleware\\VerifyCsrfToken->handle()
#11 D:\\ITS\\Matkul\\Semester5\\PBKK\\Tugas 5\\TUGAS5\\vendor\\laravel\\framework\\src\\Illuminate\\View\\Middleware\\ShareErrorsFromSession.php(49): Illuminate\\Pipeline\\Pipeline->Illuminate\\Pipeline\\{closure}()
#12 D:\\ITS\\Matkul\\Semester5\\PBKK\\Tugas 5\\TUGAS5\\vendor\\laravel\\framework\\src\\Illuminate\\Pipeline\\Pipeline.php(183): Illuminate\\View\\Middleware\\ShareErrorsFromSession->handle()
#13 D:\\ITS\\Matkul\\Semester5\\PBKK\\Tugas 5\\TUGAS5\\vendor\\laravel\\framework\\src\\Illuminate\\Session\\Middleware\\StartSession.php(121): Illuminate\\Pipeline\\Pipeline->Illuminate\\Pipeline\\{closure}()
#14 D:\\ITS\\Matkul\\Semester5\\PBKK\\Tugas 5\\TUGAS5\\vendor\\laravel\\framework\\src\\Illuminate\\Session\\Middleware\\StartSession.php(64): Illuminate\\Session\\Middleware\\StartSession->handleStatefulRequest()
#15 D:\\ITS\\Matkul\\Semester5\\PBKK\\Tugas 5\\TUGAS5\\vendor\\laravel\\framework\\src\\Illuminate\\Pipeline\\Pipeline.php(183): Illuminate\\Session\\Middleware\\StartSession->handle()
#16 D:\\ITS\\Matkul\\Semester5\\PBKK\\Tugas 5\\TUGAS5\\vendor\\laravel\\framework\\src\\Illuminate\\Cookie\\Middleware\\AddQueuedCookiesToResponse.php(37): Illuminate\\Pipeline\\Pipeline->Illuminate\\Pipeline\\{closure}()
#17 D:\\ITS\\Matkul\\Semester5\\PBKK\\Tugas 5\\TUGAS5\\vendor\\laravel\\framework\\src\\Illuminate\\Pipeline\\Pipeline.php(183): Illuminate\\Cookie\\Middleware\\AddQueuedCookiesToResponse->handle()
#18 D:\\ITS\\Matkul\\Semester5\\PBKK\\Tugas 5\\TUGAS5\\vendor\\laravel\\framework\\src\\Illuminate\\Cookie\\Middleware\\EncryptCookies.php(75): Illuminate\\Pipeline\\Pipeline->Illuminate\\Pipeline\\{closure}()
#19 D:\\ITS\\Matkul\\Semester5\\PBKK\\Tugas 5\\TUGAS5\\vendor\\laravel\\framework\\src\\Illuminate\\Pipeline\\Pipeline.php(183): Illuminate\\Cookie\\Middleware\\EncryptCookies->handle()
#20 D:\\ITS\\Matkul\\Semester5\\PBKK\\Tugas 5\\TUGAS5\\vendor\\laravel\\framework\\src\\Illuminate\\Pipeline\\Pipeline.php(119): Illuminate\\Pipeline\\Pipeline->Illuminate\\Pipeline\\{closure}()
#21 D:\\ITS\\Matkul\\Semester5\\PBKK\\Tugas 5\\TUGAS5\\vendor\\laravel\\framework\\src\\Illuminate\\Routing\\Router.php(807): Illuminate\\Pipeline\\Pipeline->then()
#22 D:\\ITS\\Matkul\\Semester5\\PBKK\\Tugas 5\\TUGAS5\\vendor\\laravel\\framework\\src\\Illuminate\\Routing\\Router.php(786): Illuminate\\Routing\\Router->runRouteWithinStack()
#23 D:\\ITS\\Matkul\\Semester5\\PBKK\\Tugas 5\\TUGAS5\\vendor\\laravel\\framework\\src\\Illuminate\\Routing\\Router.php(750): Illuminate\\Routing\\Router->runRoute()
#24 D:\\ITS\\Matkul\\Semester5\\PBKK\\Tugas 5\\TUGAS5\\vendor\\laravel\\framework\\src\\Illuminate\\Routing\\Router.php(739): Illuminate\\Routing\\Router->dispatchToRoute()
#25 D:\\ITS\\Matkul\\Semester5\\PBKK\\Tugas 5\\TUGAS5\\vendor\\laravel\\framework\\src\\Illuminate\\Foundation\\Http\\Kernel.php(201): Illuminate\\Routing\\Router->dispatch()
#26 D:\\ITS\\Matkul\\Semester5\\PBKK\\Tugas 5\\TUGAS5\\vendor\\laravel\\framework\\src\\Illuminate\\Pipeline\\Pipeline.php(144): Illuminate\\Foundation\\Http\\Kernel->Illuminate\\Foundation\\Http\\{closure}()
#27 D:\\ITS\\Matkul\\Semester5\\PBKK\\Tugas 5\\TUGAS5\\vendor\\laravel\\framework\\src\\Illuminate\\Foundation\\Http\\Middleware\\TransformsRequest.php(21): Illuminate\\Pipeline\\Pipeline->Illuminate\\Pipeline\\{closure}()
#28 D:\\ITS\\Matkul\\Semester5\\PBKK\\Tugas 5\\TUGAS5\\vendor\\laravel\\framework\\src\\Illuminate\\Foundation\\Http\\Middleware\\ConvertEmptyStringsToNull.php(31): Illuminate\\Foundation\\Http\\Middleware\\TransformsRequest->handle()
#29 D:\\ITS\\Matkul\\Semester5\\PBKK\\Tugas 5\\TUGAS5\\vendor\\laravel\\framework\\src\\Illuminate\\Pipeline\\Pipeline.php(183): Illuminate\\Foundation\\Http\\Middleware\\ConvertEmptyStringsToNull->handle()
#30 D:\\ITS\\Matkul\\Semester5\\PBKK\\Tugas 5\\TUGAS5\\vendor\\laravel\\framework\\src\\Illuminate\\Foundation\\Http\\Middleware\\TransformsRequest.php(21): Illuminate\\Pipeline\\Pipeline->Illuminate\\Pipeline\\{closure}()
#31 D:\\ITS\\Matkul\\Semester5\\PBKK\\Tugas 5\\TUGAS5\\vendor\\laravel\\framework\\src\\Illuminate\\Foundation\\Http\\Middleware\\TrimStrings.php(51): Illuminate\\Foundation\\Http\\Middleware\\TransformsRequest->handle()
#32 D:\\ITS\\Matkul\\Semester5\\PBKK\\Tugas 5\\TUGAS5\\vendor\\laravel\\framework\\src\\Illuminate\\Pipeline\\Pipeline.php(183): Illuminate\\Foundation\\Http\\Middleware\\TrimStrings->handle()
#33 D:\\ITS\\Matkul\\Semester5\\PBKK\\Tugas 5\\TUGAS5\\vendor\\laravel\\framework\\src\\Illuminate\\Http\\Middleware\\ValidatePostSize.php(27): Illuminate\\Pipeline\\Pipeline->Illuminate\\Pipeline\\{closure}()
#34 D:\\ITS\\Matkul\\Semester5\\PBKK\\Tugas 5\\TUGAS5\\vendor\\laravel\\framework\\src\\Illuminate\\Pipeline\\Pipeline.php(183): Illuminate\\Http\\Middleware\\ValidatePostSize->handle()
#35 D:\\ITS\\Matkul\\Semester5\\PBKK\\Tugas 5\\TUGAS5\\vendor\\laravel\\framework\\src\\Illuminate\\Foundation\\Http\\Middleware\\PreventRequestsDuringMaintenance.php(110): Illuminate\\Pipeline\\Pipeline->Illuminate\\Pipeline\\{closure}()
#36 D:\\ITS\\Matkul\\Semester5\\PBKK\\Tugas 5\\TUGAS5\\vendor\\laravel\\framework\\src\\Illuminate\\Pipeline\\Pipeline.php(183): Illuminate\\Foundation\\Http\\Middleware\\PreventRequestsDuringMaintenance->handle()
#37 D:\\ITS\\Matkul\\Semester5\\PBKK\\Tugas 5\\TUGAS5\\vendor\\laravel\\framework\\src\\Illuminate\\Http\\Middleware\\HandleCors.php(49): Illuminate\\Pipeline\\Pipeline->Illuminate\\Pipeline\\{closure}()
#38 D:\\ITS\\Matkul\\Semester5\\PBKK\\Tugas 5\\TUGAS5\\vendor\\laravel\\framework\\src\\Illuminate\\Pipeline\\Pipeline.php(183): Illuminate\\Http\\Middleware\\HandleCors->handle()
#39 D:\\ITS\\Matkul\\Semester5\\PBKK\\Tugas 5\\TUGAS5\\vendor\\laravel\\framework\\src\\Illuminate\\Http\\Middleware\\TrustProxies.php(58): Illuminate\\Pipeline\\Pipeline->Illuminate\\Pipeline\\{closure}()
#40 D:\\ITS\\Matkul\\Semester5\\PBKK\\Tugas 5\\TUGAS5\\vendor\\laravel\\framework\\src\\Illuminate\\Pipeline\\Pipeline.php(183): Illuminate\\Http\\Middleware\\TrustProxies->handle()
#41 D:\\ITS\\Matkul\\Semester5\\PBKK\\Tugas 5\\TUGAS5\\vendor\\laravel\\framework\\src\\Illuminate\\Foundation\\Http\\Middleware\\InvokeDeferredCallbacks.php(22): Illuminate\\Pipeline\\Pipeline->Illuminate\\Pipeline\\{closure}()
#42 D:\\ITS\\Matkul\\Semester5\\PBKK\\Tugas 5\\TUGAS5\\vendor\\laravel\\framework\\src\\Illuminate\\Pipeline\\Pipeline.php(183): Illuminate\\Foundation\\Http\\Middleware\\InvokeDeferredCallbacks->handle()
#43 D:\\ITS\\Matkul\\Semester5\\PBKK\\Tugas 5\\TUGAS5\\vendor\\laravel\\framework\\src\\Illuminate\\Pipeline\\Pipeline.php(119): Illuminate\\Pipeline\\Pipeline->Illuminate\\Pipeline\\{closure}()
#44 D:\\ITS\\Matkul\\Semester5\\PBKK\\Tugas 5\\TUGAS5\\vendor\\laravel\\framework\\src\\Illuminate\\Foundation\\Http\\Kernel.php(176): Illuminate\\Pipeline\\Pipeline->then()
#45 D:\\ITS\\Matkul\\Semester5\\PBKK\\Tugas 5\\TUGAS5\\vendor\\laravel\\framework\\src\\Illuminate\\Foundation\\Http\\Kernel.php(145): Illuminate\\Foundation\\Http\\Kernel->sendRequestThroughRouter()
#46 D:\\ITS\\Matkul\\Semester5\\PBKK\\Tugas 5\\TUGAS5\\vendor\\laravel\\framework\\src\\Illuminate\\Foundation\\Application.php(1190): Illuminate\\Foundation\\Http\\Kernel->handle()
#47 D:\\ITS\\Matkul\\Semester5\\PBKK\\Tugas 5\\TUGAS5\\public\\index.php(17): Illuminate\\Foundation\\Application->handleRequest()
#48 D:\\ITS\\Matkul\\Semester5\\PBKK\\Tugas 5\\TUGAS5\\vendor\\laravel\\framework\\src\\Illuminate\\Foundation\\resources\\server.php(23): require_once('...')
#49 {main}
"} 
[2024-12-27 14:42:23] local.ERROR: Undefined variable $path {"exception":"[object] (ErrorException(code: 0): Undefined variable $path at D:\\ITS\\Matkul\\Semester5\\PBKK\\Tugas 5\\TUGAS5\\app\\Http\\Controllers\\CategoryController.php:92)
[stacktrace]
#0 D:\\ITS\\Matkul\\Semester5\\PBKK\\Tugas 5\\TUGAS5\\vendor\\laravel\\framework\\src\\Illuminate\\Foundation\\Bootstrap\\HandleExceptions.php(290): Illuminate\\Foundation\\Bootstrap\\HandleExceptions->handleError()
#1 D:\\ITS\\Matkul\\Semester5\\PBKK\\Tugas 5\\TUGAS5\\app\\Http\\Controllers\\CategoryController.php(92): Illuminate\\Foundation\\Bootstrap\\HandleExceptions->Illuminate\\Foundation\\Bootstrap\\{closure}()
#2 D:\\ITS\\Matkul\\Semester5\\PBKK\\Tugas 5\\TUGAS5\\vendor\\laravel\\framework\\src\\Illuminate\\Routing\\ControllerDispatcher.php(47): App\\Http\\Controllers\\CategoryController->update()
#3 D:\\ITS\\Matkul\\Semester5\\PBKK\\Tugas 5\\TUGAS5\\vendor\\laravel\\framework\\src\\Illuminate\\Routing\\Route.php(266): Illuminate\\Routing\\ControllerDispatcher->dispatch()
#4 D:\\ITS\\Matkul\\Semester5\\PBKK\\Tugas 5\\TUGAS5\\vendor\\laravel\\framework\\src\\Illuminate\\Routing\\Route.php(212): Illuminate\\Routing\\Route->runController()
#5 D:\\ITS\\Matkul\\Semester5\\PBKK\\Tugas 5\\TUGAS5\\vendor\\laravel\\framework\\src\\Illuminate\\Routing\\Router.php(808): Illuminate\\Routing\\Route->run()
#6 D:\\ITS\\Matkul\\Semester5\\PBKK\\Tugas 5\\TUGAS5\\vendor\\laravel\\framework\\src\\Illuminate\\Pipeline\\Pipeline.php(144): Illuminate\\Routing\\Router->Illuminate\\Routing\\{closure}()
#7 D:\\ITS\\Matkul\\Semester5\\PBKK\\Tugas 5\\TUGAS5\\vendor\\laravel\\framework\\src\\Illuminate\\Routing\\Middleware\\SubstituteBindings.php(51): Illuminate\\Pipeline\\Pipeline->Illuminate\\Pipeline\\{closure}()
#8 D:\\ITS\\Matkul\\Semester5\\PBKK\\Tugas 5\\TUGAS5\\vendor\\laravel\\framework\\src\\Illuminate\\Pipeline\\Pipeline.php(183): Illuminate\\Routing\\Middleware\\SubstituteBindings->handle()
#9 D:\\ITS\\Matkul\\Semester5\\PBKK\\Tugas 5\\TUGAS5\\vendor\\laravel\\framework\\src\\Illuminate\\Foundation\\Http\\Middleware\\VerifyCsrfToken.php(88): Illuminate\\Pipeline\\Pipeline->Illuminate\\Pipeline\\{closure}()
#10 D:\\ITS\\Matkul\\Semester5\\PBKK\\Tugas 5\\TUGAS5\\vendor\\laravel\\framework\\src\\Illuminate\\Pipeline\\Pipeline.php(183): Illuminate\\Foundation\\Http\\Middleware\\VerifyCsrfToken->handle()
#11 D:\\ITS\\Matkul\\Semester5\\PBKK\\Tugas 5\\TUGAS5\\vendor\\laravel\\framework\\src\\Illuminate\\View\\Middleware\\ShareErrorsFromSession.php(49): Illuminate\\Pipeline\\Pipeline->Illuminate\\Pipeline\\{closure}()
#12 D:\\ITS\\Matkul\\Semester5\\PBKK\\Tugas 5\\TUGAS5\\vendor\\laravel\\framework\\src\\Illuminate\\Pipeline\\Pipeline.php(183): Illuminate\\View\\Middleware\\ShareErrorsFromSession->handle()
#13 D:\\ITS\\Matkul\\Semester5\\PBKK\\Tugas 5\\TUGAS5\\vendor\\laravel\\framework\\src\\Illuminate\\Session\\Middleware\\StartSession.php(121): Illuminate\\Pipeline\\Pipeline->Illuminate\\Pipeline\\{closure}()
#14 D:\\ITS\\Matkul\\Semester5\\PBKK\\Tugas 5\\TUGAS5\\vendor\\laravel\\framework\\src\\Illuminate\\Session\\Middleware\\StartSession.php(64): Illuminate\\Session\\Middleware\\StartSession->handleStatefulRequest()
#15 D:\\ITS\\Matkul\\Semester5\\PBKK\\Tugas 5\\TUGAS5\\vendor\\laravel\\framework\\src\\Illuminate\\Pipeline\\Pipeline.php(183): Illuminate\\Session\\Middleware\\StartSession->handle()
#16 D:\\ITS\\Matkul\\Semester5\\PBKK\\Tugas 5\\TUGAS5\\vendor\\laravel\\framework\\src\\Illuminate\\Cookie\\Middleware\\AddQueuedCookiesToResponse.php(37): Illuminate\\Pipeline\\Pipeline->Illuminate\\Pipeline\\{closure}()
#17 D:\\ITS\\Matkul\\Semester5\\PBKK\\Tugas 5\\TUGAS5\\vendor\\laravel\\framework\\src\\Illuminate\\Pipeline\\Pipeline.php(183): Illuminate\\Cookie\\Middleware\\AddQueuedCookiesToResponse->handle()
#18 D:\\ITS\\Matkul\\Semester5\\PBKK\\Tugas 5\\TUGAS5\\vendor\\laravel\\framework\\src\\Illuminate\\Cookie\\Middleware\\EncryptCookies.php(75): Illuminate\\Pipeline\\Pipeline->Illuminate\\Pipeline\\{closure}()
#19 D:\\ITS\\Matkul\\Semester5\\PBKK\\Tugas 5\\TUGAS5\\vendor\\laravel\\framework\\src\\Illuminate\\Pipeline\\Pipeline.php(183): Illuminate\\Cookie\\Middleware\\EncryptCookies->handle()
#20 D:\\ITS\\Matkul\\Semester5\\PBKK\\Tugas 5\\TUGAS5\\vendor\\laravel\\framework\\src\\Illuminate\\Pipeline\\Pipeline.php(119): Illuminate\\Pipeline\\Pipeline->Illuminate\\Pipeline\\{closure}()
#21 D:\\ITS\\Matkul\\Semester5\\PBKK\\Tugas 5\\TUGAS5\\vendor\\laravel\\framework\\src\\Illuminate\\Routing\\Router.php(807): Illuminate\\Pipeline\\Pipeline->then()
#22 D:\\ITS\\Matkul\\Semester5\\PBKK\\Tugas 5\\TUGAS5\\vendor\\laravel\\framework\\src\\Illuminate\\Routing\\Router.php(786): Illuminate\\Routing\\Router->runRouteWithinStack()
#23 D:\\ITS\\Matkul\\Semester5\\PBKK\\Tugas 5\\TUGAS5\\vendor\\laravel\\framework\\src\\Illuminate\\Routing\\Router.php(750): Illuminate\\Routing\\Router->runRoute()
#24 D:\\ITS\\Matkul\\Semester5\\PBKK\\Tugas 5\\TUGAS5\\vendor\\laravel\\framework\\src\\Illuminate\\Routing\\Router.php(739): Illuminate\\Routing\\Router->dispatchToRoute()
#25 D:\\ITS\\Matkul\\Semester5\\PBKK\\Tugas 5\\TUGAS5\\vendor\\laravel\\framework\\src\\Illuminate\\Foundation\\Http\\Kernel.php(201): Illuminate\\Routing\\Router->dispatch()
#26 D:\\ITS\\Matkul\\Semester5\\PBKK\\Tugas 5\\TUGAS5\\vendor\\laravel\\framework\\src\\Illuminate\\Pipeline\\Pipeline.php(144): Illuminate\\Foundation\\Http\\Kernel->Illuminate\\Foundation\\Http\\{closure}()
#27 D:\\ITS\\Matkul\\Semester5\\PBKK\\Tugas 5\\TUGAS5\\vendor\\laravel\\framework\\src\\Illuminate\\Foundation\\Http\\Middleware\\TransformsRequest.php(21): Illuminate\\Pipeline\\Pipeline->Illuminate\\Pipeline\\{closure}()
#28 D:\\ITS\\Matkul\\Semester5\\PBKK\\Tugas 5\\TUGAS5\\vendor\\laravel\\framework\\src\\Illuminate\\Foundation\\Http\\Middleware\\ConvertEmptyStringsToNull.php(31): Illuminate\\Foundation\\Http\\Middleware\\TransformsRequest->handle()
#29 D:\\ITS\\Matkul\\Semester5\\PBKK\\Tugas 5\\TUGAS5\\vendor\\laravel\\framework\\src\\Illuminate\\Pipeline\\Pipeline.php(183): Illuminate\\Foundation\\Http\\Middleware\\ConvertEmptyStringsToNull->handle()
#30 D:\\ITS\\Matkul\\Semester5\\PBKK\\Tugas 5\\TUGAS5\\vendor\\laravel\\framework\\src\\Illuminate\\Foundation\\Http\\Middleware\\TransformsRequest.php(21): Illuminate\\Pipeline\\Pipeline->Illuminate\\Pipeline\\{closure}()
#31 D:\\ITS\\Matkul\\Semester5\\PBKK\\Tugas 5\\TUGAS5\\vendor\\laravel\\framework\\src\\Illuminate\\Foundation\\Http\\Middleware\\TrimStrings.php(51): Illuminate\\Foundation\\Http\\Middleware\\TransformsRequest->handle()
#32 D:\\ITS\\Matkul\\Semester5\\PBKK\\Tugas 5\\TUGAS5\\vendor\\laravel\\framework\\src\\Illuminate\\Pipeline\\Pipeline.php(183): Illuminate\\Foundation\\Http\\Middleware\\TrimStrings->handle()
#33 D:\\ITS\\Matkul\\Semester5\\PBKK\\Tugas 5\\TUGAS5\\vendor\\laravel\\framework\\src\\Illuminate\\Http\\Middleware\\ValidatePostSize.php(27): Illuminate\\Pipeline\\Pipeline->Illuminate\\Pipeline\\{closure}()
#34 D:\\ITS\\Matkul\\Semester5\\PBKK\\Tugas 5\\TUGAS5\\vendor\\laravel\\framework\\src\\Illuminate\\Pipeline\\Pipeline.php(183): Illuminate\\Http\\Middleware\\ValidatePostSize->handle()
#35 D:\\ITS\\Matkul\\Semester5\\PBKK\\Tugas 5\\TUGAS5\\vendor\\laravel\\framework\\src\\Illuminate\\Foundation\\Http\\Middleware\\PreventRequestsDuringMaintenance.php(110): Illuminate\\Pipeline\\Pipeline->Illuminate\\Pipeline\\{closure}()
#36 D:\\ITS\\Matkul\\Semester5\\PBKK\\Tugas 5\\TUGAS5\\vendor\\laravel\\framework\\src\\Illuminate\\Pipeline\\Pipeline.php(183): Illuminate\\Foundation\\Http\\Middleware\\PreventRequestsDuringMaintenance->handle()
#37 D:\\ITS\\Matkul\\Semester5\\PBKK\\Tugas 5\\TUGAS5\\vendor\\laravel\\framework\\src\\Illuminate\\Http\\Middleware\\HandleCors.php(49): Illuminate\\Pipeline\\Pipeline->Illuminate\\Pipeline\\{closure}()
#38 D:\\ITS\\Matkul\\Semester5\\PBKK\\Tugas 5\\TUGAS5\\vendor\\laravel\\framework\\src\\Illuminate\\Pipeline\\Pipeline.php(183): Illuminate\\Http\\Middleware\\HandleCors->handle()
#39 D:\\ITS\\Matkul\\Semester5\\PBKK\\Tugas 5\\TUGAS5\\vendor\\laravel\\framework\\src\\Illuminate\\Http\\Middleware\\TrustProxies.php(58): Illuminate\\Pipeline\\Pipeline->Illuminate\\Pipeline\\{closure}()
#40 D:\\ITS\\Matkul\\Semester5\\PBKK\\Tugas 5\\TUGAS5\\vendor\\laravel\\framework\\src\\Illuminate\\Pipeline\\Pipeline.php(183): Illuminate\\Http\\Middleware\\TrustProxies->handle()
#41 D:\\ITS\\Matkul\\Semester5\\PBKK\\Tugas 5\\TUGAS5\\vendor\\laravel\\framework\\src\\Illuminate\\Foundation\\Http\\Middleware\\InvokeDeferredCallbacks.php(22): Illuminate\\Pipeline\\Pipeline->Illuminate\\Pipeline\\{closure}()
#42 D:\\ITS\\Matkul\\Semester5\\PBKK\\Tugas 5\\TUGAS5\\vendor\\laravel\\framework\\src\\Illuminate\\Pipeline\\Pipeline.php(183): Illuminate\\Foundation\\Http\\Middleware\\InvokeDeferredCallbacks->handle()
#43 D:\\ITS\\Matkul\\Semester5\\PBKK\\Tugas 5\\TUGAS5\\vendor\\laravel\\framework\\src\\Illuminate\\Pipeline\\Pipeline.php(119): Illuminate\\Pipeline\\Pipeline->Illuminate\\Pipeline\\{closure}()
#44 D:\\ITS\\Matkul\\Semester5\\PBKK\\Tugas 5\\TUGAS5\\vendor\\laravel\\framework\\src\\Illuminate\\Foundation\\Http\\Kernel.php(176): Illuminate\\Pipeline\\Pipeline->then()
#45 D:\\ITS\\Matkul\\Semester5\\PBKK\\Tugas 5\\TUGAS5\\vendor\\laravel\\framework\\src\\Illuminate\\Foundation\\Http\\Kernel.php(145): Illuminate\\Foundation\\Http\\Kernel->sendRequestThroughRouter()
#46 D:\\ITS\\Matkul\\Semester5\\PBKK\\Tugas 5\\TUGAS5\\vendor\\laravel\\framework\\src\\Illuminate\\Foundation\\Application.php(1190): Illuminate\\Foundation\\Http\\Kernel->handle()
#47 D:\\ITS\\Matkul\\Semester5\\PBKK\\Tugas 5\\TUGAS5\\public\\index.php(17): Illuminate\\Foundation\\Application->handleRequest()
#48 D:\\ITS\\Matkul\\Semester5\\PBKK\\Tugas 5\\TUGAS5\\vendor\\laravel\\framework\\src\\Illuminate\\Foundation\\resources\\server.php(23): require_once('...')
#49 {main}
"} 
[2024-12-27 14:42:30] local.ERROR: Undefined variable $path {"exception":"[object] (ErrorException(code: 0): Undefined variable $path at D:\\ITS\\Matkul\\Semester5\\PBKK\\Tugas 5\\TUGAS5\\app\\Http\\Controllers\\CategoryController.php:92)
[stacktrace]
#0 D:\\ITS\\Matkul\\Semester5\\PBKK\\Tugas 5\\TUGAS5\\vendor\\laravel\\framework\\src\\Illuminate\\Foundation\\Bootstrap\\HandleExceptions.php(290): Illuminate\\Foundation\\Bootstrap\\HandleExceptions->handleError()
#1 D:\\ITS\\Matkul\\Semester5\\PBKK\\Tugas 5\\TUGAS5\\app\\Http\\Controllers\\CategoryController.php(92): Illuminate\\Foundation\\Bootstrap\\HandleExceptions->Illuminate\\Foundation\\Bootstrap\\{closure}()
#2 D:\\ITS\\Matkul\\Semester5\\PBKK\\Tugas 5\\TUGAS5\\vendor\\laravel\\framework\\src\\Illuminate\\Routing\\ControllerDispatcher.php(47): App\\Http\\Controllers\\CategoryController->update()
#3 D:\\ITS\\Matkul\\Semester5\\PBKK\\Tugas 5\\TUGAS5\\vendor\\laravel\\framework\\src\\Illuminate\\Routing\\Route.php(266): Illuminate\\Routing\\ControllerDispatcher->dispatch()
#4 D:\\ITS\\Matkul\\Semester5\\PBKK\\Tugas 5\\TUGAS5\\vendor\\laravel\\framework\\src\\Illuminate\\Routing\\Route.php(212): Illuminate\\Routing\\Route->runController()
#5 D:\\ITS\\Matkul\\Semester5\\PBKK\\Tugas 5\\TUGAS5\\vendor\\laravel\\framework\\src\\Illuminate\\Routing\\Router.php(808): Illuminate\\Routing\\Route->run()
#6 D:\\ITS\\Matkul\\Semester5\\PBKK\\Tugas 5\\TUGAS5\\vendor\\laravel\\framework\\src\\Illuminate\\Pipeline\\Pipeline.php(144): Illuminate\\Routing\\Router->Illuminate\\Routing\\{closure}()
#7 D:\\ITS\\Matkul\\Semester5\\PBKK\\Tugas 5\\TUGAS5\\vendor\\laravel\\framework\\src\\Illuminate\\Routing\\Middleware\\SubstituteBindings.php(51): Illuminate\\Pipeline\\Pipeline->Illuminate\\Pipeline\\{closure}()
#8 D:\\ITS\\Matkul\\Semester5\\PBKK\\Tugas 5\\TUGAS5\\vendor\\laravel\\framework\\src\\Illuminate\\Pipeline\\Pipeline.php(183): Illuminate\\Routing\\Middleware\\SubstituteBindings->handle()
#9 D:\\ITS\\Matkul\\Semester5\\PBKK\\Tugas 5\\TUGAS5\\vendor\\laravel\\framework\\src\\Illuminate\\Foundation\\Http\\Middleware\\VerifyCsrfToken.php(88): Illuminate\\Pipeline\\Pipeline->Illuminate\\Pipeline\\{closure}()
#10 D:\\ITS\\Matkul\\Semester5\\PBKK\\Tugas 5\\TUGAS5\\vendor\\laravel\\framework\\src\\Illuminate\\Pipeline\\Pipeline.php(183): Illuminate\\Foundation\\Http\\Middleware\\VerifyCsrfToken->handle()
#11 D:\\ITS\\Matkul\\Semester5\\PBKK\\Tugas 5\\TUGAS5\\vendor\\laravel\\framework\\src\\Illuminate\\View\\Middleware\\ShareErrorsFromSession.php(49): Illuminate\\Pipeline\\Pipeline->Illuminate\\Pipeline\\{closure}()
#12 D:\\ITS\\Matkul\\Semester5\\PBKK\\Tugas 5\\TUGAS5\\vendor\\laravel\\framework\\src\\Illuminate\\Pipeline\\Pipeline.php(183): Illuminate\\View\\Middleware\\ShareErrorsFromSession->handle()
#13 D:\\ITS\\Matkul\\Semester5\\PBKK\\Tugas 5\\TUGAS5\\vendor\\laravel\\framework\\src\\Illuminate\\Session\\Middleware\\StartSession.php(121): Illuminate\\Pipeline\\Pipeline->Illuminate\\Pipeline\\{closure}()
#14 D:\\ITS\\Matkul\\Semester5\\PBKK\\Tugas 5\\TUGAS5\\vendor\\laravel\\framework\\src\\Illuminate\\Session\\Middleware\\StartSession.php(64): Illuminate\\Session\\Middleware\\StartSession->handleStatefulRequest()
#15 D:\\ITS\\Matkul\\Semester5\\PBKK\\Tugas 5\\TUGAS5\\vendor\\laravel\\framework\\src\\Illuminate\\Pipeline\\Pipeline.php(183): Illuminate\\Session\\Middleware\\StartSession->handle()
#16 D:\\ITS\\Matkul\\Semester5\\PBKK\\Tugas 5\\TUGAS5\\vendor\\laravel\\framework\\src\\Illuminate\\Cookie\\Middleware\\AddQueuedCookiesToResponse.php(37): Illuminate\\Pipeline\\Pipeline->Illuminate\\Pipeline\\{closure}()
#17 D:\\ITS\\Matkul\\Semester5\\PBKK\\Tugas 5\\TUGAS5\\vendor\\laravel\\framework\\src\\Illuminate\\Pipeline\\Pipeline.php(183): Illuminate\\Cookie\\Middleware\\AddQueuedCookiesToResponse->handle()
#18 D:\\ITS\\Matkul\\Semester5\\PBKK\\Tugas 5\\TUGAS5\\vendor\\laravel\\framework\\src\\Illuminate\\Cookie\\Middleware\\EncryptCookies.php(75): Illuminate\\Pipeline\\Pipeline->Illuminate\\Pipeline\\{closure}()
#19 D:\\ITS\\Matkul\\Semester5\\PBKK\\Tugas 5\\TUGAS5\\vendor\\laravel\\framework\\src\\Illuminate\\Pipeline\\Pipeline.php(183): Illuminate\\Cookie\\Middleware\\EncryptCookies->handle()
#20 D:\\ITS\\Matkul\\Semester5\\PBKK\\Tugas 5\\TUGAS5\\vendor\\laravel\\framework\\src\\Illuminate\\Pipeline\\Pipeline.php(119): Illuminate\\Pipeline\\Pipeline->Illuminate\\Pipeline\\{closure}()
#21 D:\\ITS\\Matkul\\Semester5\\PBKK\\Tugas 5\\TUGAS5\\vendor\\laravel\\framework\\src\\Illuminate\\Routing\\Router.php(807): Illuminate\\Pipeline\\Pipeline->then()
#22 D:\\ITS\\Matkul\\Semester5\\PBKK\\Tugas 5\\TUGAS5\\vendor\\laravel\\framework\\src\\Illuminate\\Routing\\Router.php(786): Illuminate\\Routing\\Router->runRouteWithinStack()
#23 D:\\ITS\\Matkul\\Semester5\\PBKK\\Tugas 5\\TUGAS5\\vendor\\laravel\\framework\\src\\Illuminate\\Routing\\Router.php(750): Illuminate\\Routing\\Router->runRoute()
#24 D:\\ITS\\Matkul\\Semester5\\PBKK\\Tugas 5\\TUGAS5\\vendor\\laravel\\framework\\src\\Illuminate\\Routing\\Router.php(739): Illuminate\\Routing\\Router->dispatchToRoute()
#25 D:\\ITS\\Matkul\\Semester5\\PBKK\\Tugas 5\\TUGAS5\\vendor\\laravel\\framework\\src\\Illuminate\\Foundation\\Http\\Kernel.php(201): Illuminate\\Routing\\Router->dispatch()
#26 D:\\ITS\\Matkul\\Semester5\\PBKK\\Tugas 5\\TUGAS5\\vendor\\laravel\\framework\\src\\Illuminate\\Pipeline\\Pipeline.php(144): Illuminate\\Foundation\\Http\\Kernel->Illuminate\\Foundation\\Http\\{closure}()
#27 D:\\ITS\\Matkul\\Semester5\\PBKK\\Tugas 5\\TUGAS5\\vendor\\laravel\\framework\\src\\Illuminate\\Foundation\\Http\\Middleware\\TransformsRequest.php(21): Illuminate\\Pipeline\\Pipeline->Illuminate\\Pipeline\\{closure}()
#28 D:\\ITS\\Matkul\\Semester5\\PBKK\\Tugas 5\\TUGAS5\\vendor\\laravel\\framework\\src\\Illuminate\\Foundation\\Http\\Middleware\\ConvertEmptyStringsToNull.php(31): Illuminate\\Foundation\\Http\\Middleware\\TransformsRequest->handle()
#29 D:\\ITS\\Matkul\\Semester5\\PBKK\\Tugas 5\\TUGAS5\\vendor\\laravel\\framework\\src\\Illuminate\\Pipeline\\Pipeline.php(183): Illuminate\\Foundation\\Http\\Middleware\\ConvertEmptyStringsToNull->handle()
#30 D:\\ITS\\Matkul\\Semester5\\PBKK\\Tugas 5\\TUGAS5\\vendor\\laravel\\framework\\src\\Illuminate\\Foundation\\Http\\Middleware\\TransformsRequest.php(21): Illuminate\\Pipeline\\Pipeline->Illuminate\\Pipeline\\{closure}()
#31 D:\\ITS\\Matkul\\Semester5\\PBKK\\Tugas 5\\TUGAS5\\vendor\\laravel\\framework\\src\\Illuminate\\Foundation\\Http\\Middleware\\TrimStrings.php(51): Illuminate\\Foundation\\Http\\Middleware\\TransformsRequest->handle()
#32 D:\\ITS\\Matkul\\Semester5\\PBKK\\Tugas 5\\TUGAS5\\vendor\\laravel\\framework\\src\\Illuminate\\Pipeline\\Pipeline.php(183): Illuminate\\Foundation\\Http\\Middleware\\TrimStrings->handle()
#33 D:\\ITS\\Matkul\\Semester5\\PBKK\\Tugas 5\\TUGAS5\\vendor\\laravel\\framework\\src\\Illuminate\\Http\\Middleware\\ValidatePostSize.php(27): Illuminate\\Pipeline\\Pipeline->Illuminate\\Pipeline\\{closure}()
#34 D:\\ITS\\Matkul\\Semester5\\PBKK\\Tugas 5\\TUGAS5\\vendor\\laravel\\framework\\src\\Illuminate\\Pipeline\\Pipeline.php(183): Illuminate\\Http\\Middleware\\ValidatePostSize->handle()
#35 D:\\ITS\\Matkul\\Semester5\\PBKK\\Tugas 5\\TUGAS5\\vendor\\laravel\\framework\\src\\Illuminate\\Foundation\\Http\\Middleware\\PreventRequestsDuringMaintenance.php(110): Illuminate\\Pipeline\\Pipeline->Illuminate\\Pipeline\\{closure}()
#36 D:\\ITS\\Matkul\\Semester5\\PBKK\\Tugas 5\\TUGAS5\\vendor\\laravel\\framework\\src\\Illuminate\\Pipeline\\Pipeline.php(183): Illuminate\\Foundation\\Http\\Middleware\\PreventRequestsDuringMaintenance->handle()
#37 D:\\ITS\\Matkul\\Semester5\\PBKK\\Tugas 5\\TUGAS5\\vendor\\laravel\\framework\\src\\Illuminate\\Http\\Middleware\\HandleCors.php(49): Illuminate\\Pipeline\\Pipeline->Illuminate\\Pipeline\\{closure}()
#38 D:\\ITS\\Matkul\\Semester5\\PBKK\\Tugas 5\\TUGAS5\\vendor\\laravel\\framework\\src\\Illuminate\\Pipeline\\Pipeline.php(183): Illuminate\\Http\\Middleware\\HandleCors->handle()
#39 D:\\ITS\\Matkul\\Semester5\\PBKK\\Tugas 5\\TUGAS5\\vendor\\laravel\\framework\\src\\Illuminate\\Http\\Middleware\\TrustProxies.php(58): Illuminate\\Pipeline\\Pipeline->Illuminate\\Pipeline\\{closure}()
#40 D:\\ITS\\Matkul\\Semester5\\PBKK\\Tugas 5\\TUGAS5\\vendor\\laravel\\framework\\src\\Illuminate\\Pipeline\\Pipeline.php(183): Illuminate\\Http\\Middleware\\TrustProxies->handle()
#41 D:\\ITS\\Matkul\\Semester5\\PBKK\\Tugas 5\\TUGAS5\\vendor\\laravel\\framework\\src\\Illuminate\\Foundation\\Http\\Middleware\\InvokeDeferredCallbacks.php(22): Illuminate\\Pipeline\\Pipeline->Illuminate\\Pipeline\\{closure}()
#42 D:\\ITS\\Matkul\\Semester5\\PBKK\\Tugas 5\\TUGAS5\\vendor\\laravel\\framework\\src\\Illuminate\\Pipeline\\Pipeline.php(183): Illuminate\\Foundation\\Http\\Middleware\\InvokeDeferredCallbacks->handle()
#43 D:\\ITS\\Matkul\\Semester5\\PBKK\\Tugas 5\\TUGAS5\\vendor\\laravel\\framework\\src\\Illuminate\\Pipeline\\Pipeline.php(119): Illuminate\\Pipeline\\Pipeline->Illuminate\\Pipeline\\{closure}()
#44 D:\\ITS\\Matkul\\Semester5\\PBKK\\Tugas 5\\TUGAS5\\vendor\\laravel\\framework\\src\\Illuminate\\Foundation\\Http\\Kernel.php(176): Illuminate\\Pipeline\\Pipeline->then()
#45 D:\\ITS\\Matkul\\Semester5\\PBKK\\Tugas 5\\TUGAS5\\vendor\\laravel\\framework\\src\\Illuminate\\Foundation\\Http\\Kernel.php(145): Illuminate\\Foundation\\Http\\Kernel->sendRequestThroughRouter()
#46 D:\\ITS\\Matkul\\Semester5\\PBKK\\Tugas 5\\TUGAS5\\vendor\\laravel\\framework\\src\\Illuminate\\Foundation\\Application.php(1190): Illuminate\\Foundation\\Http\\Kernel->handle()
#47 D:\\ITS\\Matkul\\Semester5\\PBKK\\Tugas 5\\TUGAS5\\public\\index.php(17): Illuminate\\Foundation\\Application->handleRequest()
#48 D:\\ITS\\Matkul\\Semester5\\PBKK\\Tugas 5\\TUGAS5\\vendor\\laravel\\framework\\src\\Illuminate\\Foundation\\resources\\server.php(23): require_once('...')
#49 {main}
"} 
[2024-12-27 14:43:37] local.ERROR: Undefined variable $path {"exception":"[object] (ErrorException(code: 0): Undefined variable $path at D:\\ITS\\Matkul\\Semester5\\PBKK\\Tugas 5\\TUGAS5\\app\\Http\\Controllers\\CategoryController.php:92)
[stacktrace]
#0 D:\\ITS\\Matkul\\Semester5\\PBKK\\Tugas 5\\TUGAS5\\vendor\\laravel\\framework\\src\\Illuminate\\Foundation\\Bootstrap\\HandleExceptions.php(290): Illuminate\\Foundation\\Bootstrap\\HandleExceptions->handleError()
#1 D:\\ITS\\Matkul\\Semester5\\PBKK\\Tugas 5\\TUGAS5\\app\\Http\\Controllers\\CategoryController.php(92): Illuminate\\Foundation\\Bootstrap\\HandleExceptions->Illuminate\\Foundation\\Bootstrap\\{closure}()
#2 D:\\ITS\\Matkul\\Semester5\\PBKK\\Tugas 5\\TUGAS5\\vendor\\laravel\\framework\\src\\Illuminate\\Routing\\ControllerDispatcher.php(47): App\\Http\\Controllers\\CategoryController->update()
#3 D:\\ITS\\Matkul\\Semester5\\PBKK\\Tugas 5\\TUGAS5\\vendor\\laravel\\framework\\src\\Illuminate\\Routing\\Route.php(266): Illuminate\\Routing\\ControllerDispatcher->dispatch()
#4 D:\\ITS\\Matkul\\Semester5\\PBKK\\Tugas 5\\TUGAS5\\vendor\\laravel\\framework\\src\\Illuminate\\Routing\\Route.php(212): Illuminate\\Routing\\Route->runController()
#5 D:\\ITS\\Matkul\\Semester5\\PBKK\\Tugas 5\\TUGAS5\\vendor\\laravel\\framework\\src\\Illuminate\\Routing\\Router.php(808): Illuminate\\Routing\\Route->run()
#6 D:\\ITS\\Matkul\\Semester5\\PBKK\\Tugas 5\\TUGAS5\\vendor\\laravel\\framework\\src\\Illuminate\\Pipeline\\Pipeline.php(144): Illuminate\\Routing\\Router->Illuminate\\Routing\\{closure}()
#7 D:\\ITS\\Matkul\\Semester5\\PBKK\\Tugas 5\\TUGAS5\\vendor\\laravel\\framework\\src\\Illuminate\\Routing\\Middleware\\SubstituteBindings.php(51): Illuminate\\Pipeline\\Pipeline->Illuminate\\Pipeline\\{closure}()
#8 D:\\ITS\\Matkul\\Semester5\\PBKK\\Tugas 5\\TUGAS5\\vendor\\laravel\\framework\\src\\Illuminate\\Pipeline\\Pipeline.php(183): Illuminate\\Routing\\Middleware\\SubstituteBindings->handle()
#9 D:\\ITS\\Matkul\\Semester5\\PBKK\\Tugas 5\\TUGAS5\\vendor\\laravel\\framework\\src\\Illuminate\\Foundation\\Http\\Middleware\\VerifyCsrfToken.php(88): Illuminate\\Pipeline\\Pipeline->Illuminate\\Pipeline\\{closure}()
#10 D:\\ITS\\Matkul\\Semester5\\PBKK\\Tugas 5\\TUGAS5\\vendor\\laravel\\framework\\src\\Illuminate\\Pipeline\\Pipeline.php(183): Illuminate\\Foundation\\Http\\Middleware\\VerifyCsrfToken->handle()
#11 D:\\ITS\\Matkul\\Semester5\\PBKK\\Tugas 5\\TUGAS5\\vendor\\laravel\\framework\\src\\Illuminate\\View\\Middleware\\ShareErrorsFromSession.php(49): Illuminate\\Pipeline\\Pipeline->Illuminate\\Pipeline\\{closure}()
#12 D:\\ITS\\Matkul\\Semester5\\PBKK\\Tugas 5\\TUGAS5\\vendor\\laravel\\framework\\src\\Illuminate\\Pipeline\\Pipeline.php(183): Illuminate\\View\\Middleware\\ShareErrorsFromSession->handle()
#13 D:\\ITS\\Matkul\\Semester5\\PBKK\\Tugas 5\\TUGAS5\\vendor\\laravel\\framework\\src\\Illuminate\\Session\\Middleware\\StartSession.php(121): Illuminate\\Pipeline\\Pipeline->Illuminate\\Pipeline\\{closure}()
#14 D:\\ITS\\Matkul\\Semester5\\PBKK\\Tugas 5\\TUGAS5\\vendor\\laravel\\framework\\src\\Illuminate\\Session\\Middleware\\StartSession.php(64): Illuminate\\Session\\Middleware\\StartSession->handleStatefulRequest()
#15 D:\\ITS\\Matkul\\Semester5\\PBKK\\Tugas 5\\TUGAS5\\vendor\\laravel\\framework\\src\\Illuminate\\Pipeline\\Pipeline.php(183): Illuminate\\Session\\Middleware\\StartSession->handle()
#16 D:\\ITS\\Matkul\\Semester5\\PBKK\\Tugas 5\\TUGAS5\\vendor\\laravel\\framework\\src\\Illuminate\\Cookie\\Middleware\\AddQueuedCookiesToResponse.php(37): Illuminate\\Pipeline\\Pipeline->Illuminate\\Pipeline\\{closure}()
#17 D:\\ITS\\Matkul\\Semester5\\PBKK\\Tugas 5\\TUGAS5\\vendor\\laravel\\framework\\src\\Illuminate\\Pipeline\\Pipeline.php(183): Illuminate\\Cookie\\Middleware\\AddQueuedCookiesToResponse->handle()
#18 D:\\ITS\\Matkul\\Semester5\\PBKK\\Tugas 5\\TUGAS5\\vendor\\laravel\\framework\\src\\Illuminate\\Cookie\\Middleware\\EncryptCookies.php(75): Illuminate\\Pipeline\\Pipeline->Illuminate\\Pipeline\\{closure}()
#19 D:\\ITS\\Matkul\\Semester5\\PBKK\\Tugas 5\\TUGAS5\\vendor\\laravel\\framework\\src\\Illuminate\\Pipeline\\Pipeline.php(183): Illuminate\\Cookie\\Middleware\\EncryptCookies->handle()
#20 D:\\ITS\\Matkul\\Semester5\\PBKK\\Tugas 5\\TUGAS5\\vendor\\laravel\\framework\\src\\Illuminate\\Pipeline\\Pipeline.php(119): Illuminate\\Pipeline\\Pipeline->Illuminate\\Pipeline\\{closure}()
#21 D:\\ITS\\Matkul\\Semester5\\PBKK\\Tugas 5\\TUGAS5\\vendor\\laravel\\framework\\src\\Illuminate\\Routing\\Router.php(807): Illuminate\\Pipeline\\Pipeline->then()
#22 D:\\ITS\\Matkul\\Semester5\\PBKK\\Tugas 5\\TUGAS5\\vendor\\laravel\\framework\\src\\Illuminate\\Routing\\Router.php(786): Illuminate\\Routing\\Router->runRouteWithinStack()
#23 D:\\ITS\\Matkul\\Semester5\\PBKK\\Tugas 5\\TUGAS5\\vendor\\laravel\\framework\\src\\Illuminate\\Routing\\Router.php(750): Illuminate\\Routing\\Router->runRoute()
#24 D:\\ITS\\Matkul\\Semester5\\PBKK\\Tugas 5\\TUGAS5\\vendor\\laravel\\framework\\src\\Illuminate\\Routing\\Router.php(739): Illuminate\\Routing\\Router->dispatchToRoute()
#25 D:\\ITS\\Matkul\\Semester5\\PBKK\\Tugas 5\\TUGAS5\\vendor\\laravel\\framework\\src\\Illuminate\\Foundation\\Http\\Kernel.php(201): Illuminate\\Routing\\Router->dispatch()
#26 D:\\ITS\\Matkul\\Semester5\\PBKK\\Tugas 5\\TUGAS5\\vendor\\laravel\\framework\\src\\Illuminate\\Pipeline\\Pipeline.php(144): Illuminate\\Foundation\\Http\\Kernel->Illuminate\\Foundation\\Http\\{closure}()
#27 D:\\ITS\\Matkul\\Semester5\\PBKK\\Tugas 5\\TUGAS5\\vendor\\laravel\\framework\\src\\Illuminate\\Foundation\\Http\\Middleware\\TransformsRequest.php(21): Illuminate\\Pipeline\\Pipeline->Illuminate\\Pipeline\\{closure}()
#28 D:\\ITS\\Matkul\\Semester5\\PBKK\\Tugas 5\\TUGAS5\\vendor\\laravel\\framework\\src\\Illuminate\\Foundation\\Http\\Middleware\\ConvertEmptyStringsToNull.php(31): Illuminate\\Foundation\\Http\\Middleware\\TransformsRequest->handle()
#29 D:\\ITS\\Matkul\\Semester5\\PBKK\\Tugas 5\\TUGAS5\\vendor\\laravel\\framework\\src\\Illuminate\\Pipeline\\Pipeline.php(183): Illuminate\\Foundation\\Http\\Middleware\\ConvertEmptyStringsToNull->handle()
#30 D:\\ITS\\Matkul\\Semester5\\PBKK\\Tugas 5\\TUGAS5\\vendor\\laravel\\framework\\src\\Illuminate\\Foundation\\Http\\Middleware\\TransformsRequest.php(21): Illuminate\\Pipeline\\Pipeline->Illuminate\\Pipeline\\{closure}()
#31 D:\\ITS\\Matkul\\Semester5\\PBKK\\Tugas 5\\TUGAS5\\vendor\\laravel\\framework\\src\\Illuminate\\Foundation\\Http\\Middleware\\TrimStrings.php(51): Illuminate\\Foundation\\Http\\Middleware\\TransformsRequest->handle()
#32 D:\\ITS\\Matkul\\Semester5\\PBKK\\Tugas 5\\TUGAS5\\vendor\\laravel\\framework\\src\\Illuminate\\Pipeline\\Pipeline.php(183): Illuminate\\Foundation\\Http\\Middleware\\TrimStrings->handle()
#33 D:\\ITS\\Matkul\\Semester5\\PBKK\\Tugas 5\\TUGAS5\\vendor\\laravel\\framework\\src\\Illuminate\\Http\\Middleware\\ValidatePostSize.php(27): Illuminate\\Pipeline\\Pipeline->Illuminate\\Pipeline\\{closure}()
#34 D:\\ITS\\Matkul\\Semester5\\PBKK\\Tugas 5\\TUGAS5\\vendor\\laravel\\framework\\src\\Illuminate\\Pipeline\\Pipeline.php(183): Illuminate\\Http\\Middleware\\ValidatePostSize->handle()
#35 D:\\ITS\\Matkul\\Semester5\\PBKK\\Tugas 5\\TUGAS5\\vendor\\laravel\\framework\\src\\Illuminate\\Foundation\\Http\\Middleware\\PreventRequestsDuringMaintenance.php(110): Illuminate\\Pipeline\\Pipeline->Illuminate\\Pipeline\\{closure}()
#36 D:\\ITS\\Matkul\\Semester5\\PBKK\\Tugas 5\\TUGAS5\\vendor\\laravel\\framework\\src\\Illuminate\\Pipeline\\Pipeline.php(183): Illuminate\\Foundation\\Http\\Middleware\\PreventRequestsDuringMaintenance->handle()
#37 D:\\ITS\\Matkul\\Semester5\\PBKK\\Tugas 5\\TUGAS5\\vendor\\laravel\\framework\\src\\Illuminate\\Http\\Middleware\\HandleCors.php(49): Illuminate\\Pipeline\\Pipeline->Illuminate\\Pipeline\\{closure}()
#38 D:\\ITS\\Matkul\\Semester5\\PBKK\\Tugas 5\\TUGAS5\\vendor\\laravel\\framework\\src\\Illuminate\\Pipeline\\Pipeline.php(183): Illuminate\\Http\\Middleware\\HandleCors->handle()
#39 D:\\ITS\\Matkul\\Semester5\\PBKK\\Tugas 5\\TUGAS5\\vendor\\laravel\\framework\\src\\Illuminate\\Http\\Middleware\\TrustProxies.php(58): Illuminate\\Pipeline\\Pipeline->Illuminate\\Pipeline\\{closure}()
#40 D:\\ITS\\Matkul\\Semester5\\PBKK\\Tugas 5\\TUGAS5\\vendor\\laravel\\framework\\src\\Illuminate\\Pipeline\\Pipeline.php(183): Illuminate\\Http\\Middleware\\TrustProxies->handle()
#41 D:\\ITS\\Matkul\\Semester5\\PBKK\\Tugas 5\\TUGAS5\\vendor\\laravel\\framework\\src\\Illuminate\\Foundation\\Http\\Middleware\\InvokeDeferredCallbacks.php(22): Illuminate\\Pipeline\\Pipeline->Illuminate\\Pipeline\\{closure}()
#42 D:\\ITS\\Matkul\\Semester5\\PBKK\\Tugas 5\\TUGAS5\\vendor\\laravel\\framework\\src\\Illuminate\\Pipeline\\Pipeline.php(183): Illuminate\\Foundation\\Http\\Middleware\\InvokeDeferredCallbacks->handle()
#43 D:\\ITS\\Matkul\\Semester5\\PBKK\\Tugas 5\\TUGAS5\\vendor\\laravel\\framework\\src\\Illuminate\\Pipeline\\Pipeline.php(119): Illuminate\\Pipeline\\Pipeline->Illuminate\\Pipeline\\{closure}()
#44 D:\\ITS\\Matkul\\Semester5\\PBKK\\Tugas 5\\TUGAS5\\vendor\\laravel\\framework\\src\\Illuminate\\Foundation\\Http\\Kernel.php(176): Illuminate\\Pipeline\\Pipeline->then()
#45 D:\\ITS\\Matkul\\Semester5\\PBKK\\Tugas 5\\TUGAS5\\vendor\\laravel\\framework\\src\\Illuminate\\Foundation\\Http\\Kernel.php(145): Illuminate\\Foundation\\Http\\Kernel->sendRequestThroughRouter()
#46 D:\\ITS\\Matkul\\Semester5\\PBKK\\Tugas 5\\TUGAS5\\vendor\\laravel\\framework\\src\\Illuminate\\Foundation\\Application.php(1190): Illuminate\\Foundation\\Http\\Kernel->handle()
#47 D:\\ITS\\Matkul\\Semester5\\PBKK\\Tugas 5\\TUGAS5\\public\\index.php(17): Illuminate\\Foundation\\Application->handleRequest()
#48 D:\\ITS\\Matkul\\Semester5\\PBKK\\Tugas 5\\TUGAS5\\vendor\\laravel\\framework\\src\\Illuminate\\Foundation\\resources\\server.php(23): require_once('...')
#49 {main}
"} 
[2024-12-28 13:06:26] local.ERROR: Undefined variable $path {"exception":"[object] (ErrorException(code: 0): Undefined variable $path at D:\\ITS\\Matkul\\Semester5\\PBKK\\Tugas 5\\TUGAS5\\app\\Http\\Controllers\\CategoryController.php:92)
[stacktrace]
#0 D:\\ITS\\Matkul\\Semester5\\PBKK\\Tugas 5\\TUGAS5\\vendor\\laravel\\framework\\src\\Illuminate\\Foundation\\Bootstrap\\HandleExceptions.php(290): Illuminate\\Foundation\\Bootstrap\\HandleExceptions->handleError()
#1 D:\\ITS\\Matkul\\Semester5\\PBKK\\Tugas 5\\TUGAS5\\app\\Http\\Controllers\\CategoryController.php(92): Illuminate\\Foundation\\Bootstrap\\HandleExceptions->Illuminate\\Foundation\\Bootstrap\\{closure}()
#2 D:\\ITS\\Matkul\\Semester5\\PBKK\\Tugas 5\\TUGAS5\\vendor\\laravel\\framework\\src\\Illuminate\\Routing\\ControllerDispatcher.php(47): App\\Http\\Controllers\\CategoryController->update()
#3 D:\\ITS\\Matkul\\Semester5\\PBKK\\Tugas 5\\TUGAS5\\vendor\\laravel\\framework\\src\\Illuminate\\Routing\\Route.php(266): Illuminate\\Routing\\ControllerDispatcher->dispatch()
#4 D:\\ITS\\Matkul\\Semester5\\PBKK\\Tugas 5\\TUGAS5\\vendor\\laravel\\framework\\src\\Illuminate\\Routing\\Route.php(212): Illuminate\\Routing\\Route->runController()
#5 D:\\ITS\\Matkul\\Semester5\\PBKK\\Tugas 5\\TUGAS5\\vendor\\laravel\\framework\\src\\Illuminate\\Routing\\Router.php(808): Illuminate\\Routing\\Route->run()
#6 D:\\ITS\\Matkul\\Semester5\\PBKK\\Tugas 5\\TUGAS5\\vendor\\laravel\\framework\\src\\Illuminate\\Pipeline\\Pipeline.php(144): Illuminate\\Routing\\Router->Illuminate\\Routing\\{closure}()
#7 D:\\ITS\\Matkul\\Semester5\\PBKK\\Tugas 5\\TUGAS5\\vendor\\laravel\\framework\\src\\Illuminate\\Routing\\Middleware\\SubstituteBindings.php(51): Illuminate\\Pipeline\\Pipeline->Illuminate\\Pipeline\\{closure}()
#8 D:\\ITS\\Matkul\\Semester5\\PBKK\\Tugas 5\\TUGAS5\\vendor\\laravel\\framework\\src\\Illuminate\\Pipeline\\Pipeline.php(183): Illuminate\\Routing\\Middleware\\SubstituteBindings->handle()
#9 D:\\ITS\\Matkul\\Semester5\\PBKK\\Tugas 5\\TUGAS5\\vendor\\laravel\\framework\\src\\Illuminate\\Foundation\\Http\\Middleware\\VerifyCsrfToken.php(88): Illuminate\\Pipeline\\Pipeline->Illuminate\\Pipeline\\{closure}()
#10 D:\\ITS\\Matkul\\Semester5\\PBKK\\Tugas 5\\TUGAS5\\vendor\\laravel\\framework\\src\\Illuminate\\Pipeline\\Pipeline.php(183): Illuminate\\Foundation\\Http\\Middleware\\VerifyCsrfToken->handle()
#11 D:\\ITS\\Matkul\\Semester5\\PBKK\\Tugas 5\\TUGAS5\\vendor\\laravel\\framework\\src\\Illuminate\\View\\Middleware\\ShareErrorsFromSession.php(49): Illuminate\\Pipeline\\Pipeline->Illuminate\\Pipeline\\{closure}()
#12 D:\\ITS\\Matkul\\Semester5\\PBKK\\Tugas 5\\TUGAS5\\vendor\\laravel\\framework\\src\\Illuminate\\Pipeline\\Pipeline.php(183): Illuminate\\View\\Middleware\\ShareErrorsFromSession->handle()
#13 D:\\ITS\\Matkul\\Semester5\\PBKK\\Tugas 5\\TUGAS5\\vendor\\laravel\\framework\\src\\Illuminate\\Session\\Middleware\\StartSession.php(121): Illuminate\\Pipeline\\Pipeline->Illuminate\\Pipeline\\{closure}()
#14 D:\\ITS\\Matkul\\Semester5\\PBKK\\Tugas 5\\TUGAS5\\vendor\\laravel\\framework\\src\\Illuminate\\Session\\Middleware\\StartSession.php(64): Illuminate\\Session\\Middleware\\StartSession->handleStatefulRequest()
#15 D:\\ITS\\Matkul\\Semester5\\PBKK\\Tugas 5\\TUGAS5\\vendor\\laravel\\framework\\src\\Illuminate\\Pipeline\\Pipeline.php(183): Illuminate\\Session\\Middleware\\StartSession->handle()
#16 D:\\ITS\\Matkul\\Semester5\\PBKK\\Tugas 5\\TUGAS5\\vendor\\laravel\\framework\\src\\Illuminate\\Cookie\\Middleware\\AddQueuedCookiesToResponse.php(37): Illuminate\\Pipeline\\Pipeline->Illuminate\\Pipeline\\{closure}()
#17 D:\\ITS\\Matkul\\Semester5\\PBKK\\Tugas 5\\TUGAS5\\vendor\\laravel\\framework\\src\\Illuminate\\Pipeline\\Pipeline.php(183): Illuminate\\Cookie\\Middleware\\AddQueuedCookiesToResponse->handle()
#18 D:\\ITS\\Matkul\\Semester5\\PBKK\\Tugas 5\\TUGAS5\\vendor\\laravel\\framework\\src\\Illuminate\\Cookie\\Middleware\\EncryptCookies.php(75): Illuminate\\Pipeline\\Pipeline->Illuminate\\Pipeline\\{closure}()
#19 D:\\ITS\\Matkul\\Semester5\\PBKK\\Tugas 5\\TUGAS5\\vendor\\laravel\\framework\\src\\Illuminate\\Pipeline\\Pipeline.php(183): Illuminate\\Cookie\\Middleware\\EncryptCookies->handle()
#20 D:\\ITS\\Matkul\\Semester5\\PBKK\\Tugas 5\\TUGAS5\\vendor\\laravel\\framework\\src\\Illuminate\\Pipeline\\Pipeline.php(119): Illuminate\\Pipeline\\Pipeline->Illuminate\\Pipeline\\{closure}()
#21 D:\\ITS\\Matkul\\Semester5\\PBKK\\Tugas 5\\TUGAS5\\vendor\\laravel\\framework\\src\\Illuminate\\Routing\\Router.php(807): Illuminate\\Pipeline\\Pipeline->then()
#22 D:\\ITS\\Matkul\\Semester5\\PBKK\\Tugas 5\\TUGAS5\\vendor\\laravel\\framework\\src\\Illuminate\\Routing\\Router.php(786): Illuminate\\Routing\\Router->runRouteWithinStack()
#23 D:\\ITS\\Matkul\\Semester5\\PBKK\\Tugas 5\\TUGAS5\\vendor\\laravel\\framework\\src\\Illuminate\\Routing\\Router.php(750): Illuminate\\Routing\\Router->runRoute()
#24 D:\\ITS\\Matkul\\Semester5\\PBKK\\Tugas 5\\TUGAS5\\vendor\\laravel\\framework\\src\\Illuminate\\Routing\\Router.php(739): Illuminate\\Routing\\Router->dispatchToRoute()
#25 D:\\ITS\\Matkul\\Semester5\\PBKK\\Tugas 5\\TUGAS5\\vendor\\laravel\\framework\\src\\Illuminate\\Foundation\\Http\\Kernel.php(201): Illuminate\\Routing\\Router->dispatch()
#26 D:\\ITS\\Matkul\\Semester5\\PBKK\\Tugas 5\\TUGAS5\\vendor\\laravel\\framework\\src\\Illuminate\\Pipeline\\Pipeline.php(144): Illuminate\\Foundation\\Http\\Kernel->Illuminate\\Foundation\\Http\\{closure}()
#27 D:\\ITS\\Matkul\\Semester5\\PBKK\\Tugas 5\\TUGAS5\\vendor\\laravel\\framework\\src\\Illuminate\\Foundation\\Http\\Middleware\\TransformsRequest.php(21): Illuminate\\Pipeline\\Pipeline->Illuminate\\Pipeline\\{closure}()
#28 D:\\ITS\\Matkul\\Semester5\\PBKK\\Tugas 5\\TUGAS5\\vendor\\laravel\\framework\\src\\Illuminate\\Foundation\\Http\\Middleware\\ConvertEmptyStringsToNull.php(31): Illuminate\\Foundation\\Http\\Middleware\\TransformsRequest->handle()
#29 D:\\ITS\\Matkul\\Semester5\\PBKK\\Tugas 5\\TUGAS5\\vendor\\laravel\\framework\\src\\Illuminate\\Pipeline\\Pipeline.php(183): Illuminate\\Foundation\\Http\\Middleware\\ConvertEmptyStringsToNull->handle()
#30 D:\\ITS\\Matkul\\Semester5\\PBKK\\Tugas 5\\TUGAS5\\vendor\\laravel\\framework\\src\\Illuminate\\Foundation\\Http\\Middleware\\TransformsRequest.php(21): Illuminate\\Pipeline\\Pipeline->Illuminate\\Pipeline\\{closure}()
#31 D:\\ITS\\Matkul\\Semester5\\PBKK\\Tugas 5\\TUGAS5\\vendor\\laravel\\framework\\src\\Illuminate\\Foundation\\Http\\Middleware\\TrimStrings.php(51): Illuminate\\Foundation\\Http\\Middleware\\TransformsRequest->handle()
#32 D:\\ITS\\Matkul\\Semester5\\PBKK\\Tugas 5\\TUGAS5\\vendor\\laravel\\framework\\src\\Illuminate\\Pipeline\\Pipeline.php(183): Illuminate\\Foundation\\Http\\Middleware\\TrimStrings->handle()
#33 D:\\ITS\\Matkul\\Semester5\\PBKK\\Tugas 5\\TUGAS5\\vendor\\laravel\\framework\\src\\Illuminate\\Http\\Middleware\\ValidatePostSize.php(27): Illuminate\\Pipeline\\Pipeline->Illuminate\\Pipeline\\{closure}()
#34 D:\\ITS\\Matkul\\Semester5\\PBKK\\Tugas 5\\TUGAS5\\vendor\\laravel\\framework\\src\\Illuminate\\Pipeline\\Pipeline.php(183): Illuminate\\Http\\Middleware\\ValidatePostSize->handle()
#35 D:\\ITS\\Matkul\\Semester5\\PBKK\\Tugas 5\\TUGAS5\\vendor\\laravel\\framework\\src\\Illuminate\\Foundation\\Http\\Middleware\\PreventRequestsDuringMaintenance.php(110): Illuminate\\Pipeline\\Pipeline->Illuminate\\Pipeline\\{closure}()
#36 D:\\ITS\\Matkul\\Semester5\\PBKK\\Tugas 5\\TUGAS5\\vendor\\laravel\\framework\\src\\Illuminate\\Pipeline\\Pipeline.php(183): Illuminate\\Foundation\\Http\\Middleware\\PreventRequestsDuringMaintenance->handle()
#37 D:\\ITS\\Matkul\\Semester5\\PBKK\\Tugas 5\\TUGAS5\\vendor\\laravel\\framework\\src\\Illuminate\\Http\\Middleware\\HandleCors.php(49): Illuminate\\Pipeline\\Pipeline->Illuminate\\Pipeline\\{closure}()
#38 D:\\ITS\\Matkul\\Semester5\\PBKK\\Tugas 5\\TUGAS5\\vendor\\laravel\\framework\\src\\Illuminate\\Pipeline\\Pipeline.php(183): Illuminate\\Http\\Middleware\\HandleCors->handle()
#39 D:\\ITS\\Matkul\\Semester5\\PBKK\\Tugas 5\\TUGAS5\\vendor\\laravel\\framework\\src\\Illuminate\\Http\\Middleware\\TrustProxies.php(58): Illuminate\\Pipeline\\Pipeline->Illuminate\\Pipeline\\{closure}()
#40 D:\\ITS\\Matkul\\Semester5\\PBKK\\Tugas 5\\TUGAS5\\vendor\\laravel\\framework\\src\\Illuminate\\Pipeline\\Pipeline.php(183): Illuminate\\Http\\Middleware\\TrustProxies->handle()
#41 D:\\ITS\\Matkul\\Semester5\\PBKK\\Tugas 5\\TUGAS5\\vendor\\laravel\\framework\\src\\Illuminate\\Foundation\\Http\\Middleware\\InvokeDeferredCallbacks.php(22): Illuminate\\Pipeline\\Pipeline->Illuminate\\Pipeline\\{closure}()
#42 D:\\ITS\\Matkul\\Semester5\\PBKK\\Tugas 5\\TUGAS5\\vendor\\laravel\\framework\\src\\Illuminate\\Pipeline\\Pipeline.php(183): Illuminate\\Foundation\\Http\\Middleware\\InvokeDeferredCallbacks->handle()
#43 D:\\ITS\\Matkul\\Semester5\\PBKK\\Tugas 5\\TUGAS5\\vendor\\laravel\\framework\\src\\Illuminate\\Pipeline\\Pipeline.php(119): Illuminate\\Pipeline\\Pipeline->Illuminate\\Pipeline\\{closure}()
#44 D:\\ITS\\Matkul\\Semester5\\PBKK\\Tugas 5\\TUGAS5\\vendor\\laravel\\framework\\src\\Illuminate\\Foundation\\Http\\Kernel.php(176): Illuminate\\Pipeline\\Pipeline->then()
#45 D:\\ITS\\Matkul\\Semester5\\PBKK\\Tugas 5\\TUGAS5\\vendor\\laravel\\framework\\src\\Illuminate\\Foundation\\Http\\Kernel.php(145): Illuminate\\Foundation\\Http\\Kernel->sendRequestThroughRouter()
#46 D:\\ITS\\Matkul\\Semester5\\PBKK\\Tugas 5\\TUGAS5\\vendor\\laravel\\framework\\src\\Illuminate\\Foundation\\Application.php(1190): Illuminate\\Foundation\\Http\\Kernel->handle()
#47 D:\\ITS\\Matkul\\Semester5\\PBKK\\Tugas 5\\TUGAS5\\public\\index.php(17): Illuminate\\Foundation\\Application->handleRequest()
#48 D:\\ITS\\Matkul\\Semester5\\PBKK\\Tugas 5\\TUGAS5\\vendor\\laravel\\framework\\src\\Illuminate\\Foundation\\resources\\server.php(23): require_once('...')
#49 {main}
"} 
